{"/data/data/com.termux/files/home/scripthing/apps/backend/src/app.ts": {"path":"/data/data/com.termux/files/home/scripthing/apps/backend/src/app.ts","statementMap":{"0":{"start":{"line":11,"column":13},"end":{"line":30,"column":null}},"1":{"start":{"line":12,"column":8},"end":{"line":12,"column":43}},"2":{"start":{"line":14,"column":2},"end":{"line":17,"column":null}},"3":{"start":{"line":19,"column":2},"end":{"line":19,"column":null}},"4":{"start":{"line":21,"column":2},"end":{"line":21,"column":null}},"5":{"start":{"line":21,"column":45},"end":{"line":21,"column":61}},"6":{"start":{"line":24,"column":2},"end":{"line":24,"column":null}},"7":{"start":{"line":25,"column":2},"end":{"line":25,"column":null}},"8":{"start":{"line":26,"column":2},"end":{"line":26,"column":null}},"9":{"start":{"line":27,"column":2},"end":{"line":27,"column":null}},"10":{"start":{"line":28,"column":2},"end":{"line":28,"column":null}},"11":{"start":{"line":30,"column":2},"end":{"line":30,"column":null}}},"fnMap":{"0":{"name":"(anonymous_0)","decl":{"start":{"line":11,"column":13},"end":{"line":11,"column":30}},"loc":{"start":{"line":11,"column":30},"end":{"line":30,"column":null}},"line":11},"1":{"name":"(anonymous_1)","decl":{"start":{"line":21,"column":32},"end":{"line":21,"column":45}},"loc":{"start":{"line":21,"column":45},"end":{"line":21,"column":61}},"line":21}},"branchMap":{},"s":{"0":8,"1":9,"2":9,"3":9,"4":9,"5":0,"6":9,"7":9,"8":9,"9":9,"10":9,"11":9},"f":{"0":9,"1":0},"b":{},"meta":{"lastBranch":0,"lastFunction":2,"lastStatement":12,"seen":{"s:11:13:30:Infinity":0,"f:11:13:11:30":0,"s:12:8:12:43":1,"s:14:2:17:Infinity":2,"s:19:2:19:Infinity":3,"s:21:2:21:Infinity":4,"f:21:32:21:45":1,"s:21:45:21:61":5,"s:24:2:24:Infinity":6,"s:25:2:25:Infinity":7,"s:26:2:26:Infinity":8,"s:27:2:27:Infinity":9,"s:28:2:28:Infinity":10,"s:30:2:30:Infinity":11}}}
,"/data/data/com.termux/files/home/scripthing/apps/backend/src/config.ts": {"path":"/data/data/com.termux/files/home/scripthing/apps/backend/src/config.ts","statementMap":{"0":{"start":{"line":3,"column":18},"end":{"line":11,"column":2}},"1":{"start":{"line":13,"column":22},"end":{"line":13,"column":50}}},"fnMap":{},"branchMap":{},"s":{"0":11,"1":11},"f":{},"b":{},"meta":{"lastBranch":0,"lastFunction":0,"lastStatement":2,"seen":{"s:3:18:11:2":0,"s:13:22:13:50":1}}}
,"/data/data/com.termux/files/home/scripthing/apps/backend/src/seed.ts": {"path":"/data/data/com.termux/files/home/scripthing/apps/backend/src/seed.ts","statementMap":{"0":{"start":{"line":4,"column":15},"end":{"line":4,"column":33}},"1":{"start":{"line":7,"column":23},"end":{"line":7,"column":56}},"2":{"start":{"line":8,"column":15},"end":{"line":16,"column":4}},"3":{"start":{"line":17,"column":2},"end":{"line":17,"column":null}},"4":{"start":{"line":20,"column":0},"end":{"line":31,"column":null}},"5":{"start":{"line":21,"column":2},"end":{"line":31,"column":null}},"6":{"start":{"line":23,"column":6},"end":{"line":23,"column":null}},"7":{"start":{"line":26,"column":6},"end":{"line":26,"column":null}},"8":{"start":{"line":27,"column":6},"end":{"line":27,"column":null}},"9":{"start":{"line":30,"column":6},"end":{"line":30,"column":null}}},"fnMap":{"0":{"name":"seedDatabase","decl":{"start":{"line":6,"column":22},"end":{"line":6,"column":37}},"loc":{"start":{"line":6,"column":37},"end":{"line":17,"column":null}},"line":6},"1":{"name":"(anonymous_1)","decl":{"start":{"line":22,"column":5},"end":{"line":22,"column":11}},"loc":{"start":{"line":22,"column":20},"end":{"line":24,"column":null}},"line":22},"2":{"name":"(anonymous_2)","decl":{"start":{"line":25,"column":5},"end":{"line":25,"column":12}},"loc":{"start":{"line":25,"column":18},"end":{"line":28,"column":null}},"line":25},"3":{"name":"(anonymous_3)","decl":{"start":{"line":29,"column":13},"end":{"line":29,"column":25}},"loc":{"start":{"line":29,"column":25},"end":{"line":31,"column":null}},"line":29}},"branchMap":{"0":{"loc":{"start":{"line":20,"column":0},"end":{"line":31,"column":null}},"type":"if","locations":[{"start":{"line":20,"column":0},"end":{"line":31,"column":null}},{"start":{},"end":{}}],"line":20}},"s":{"0":1,"1":1,"2":1,"3":1,"4":1,"5":0,"6":0,"7":0,"8":0,"9":0},"f":{"0":1,"1":0,"2":0,"3":0},"b":{"0":[0,1]},"meta":{"lastBranch":1,"lastFunction":4,"lastStatement":10,"seen":{"s:4:15:4:33":0,"f:6:22:6:37":0,"s:7:23:7:56":1,"s:8:15:16:4":2,"s:17:2:17:Infinity":3,"b:20:0:31:Infinity:undefined:undefined:undefined:undefined":0,"s:20:0:31:Infinity":4,"s:21:2:31:Infinity":5,"f:22:5:22:11":1,"s:23:6:23:Infinity":6,"f:25:5:25:12":2,"s:26:6:26:Infinity":7,"s:27:6:27:Infinity":8,"f:29:13:29:25":3,"s:30:6:30:Infinity":9}}}
,"/data/data/com.termux/files/home/scripthing/apps/backend/src/db/index.ts": {"path":"/data/data/com.termux/files/home/scripthing/apps/backend/src/db/index.ts","statementMap":{"0":{"start":{"line":3,"column":22},"end":{"line":3,"column":40}}},"fnMap":{},"branchMap":{},"s":{"0":9},"f":{},"b":{},"meta":{"lastBranch":0,"lastFunction":0,"lastStatement":1,"seen":{"s:3:22:3:40":0}}}
,"/data/data/com.termux/files/home/scripthing/apps/backend/src/lib/security.ts": {"path":"/data/data/com.termux/files/home/scripthing/apps/backend/src/lib/security.ts","statementMap":{"0":{"start":{"line":4,"column":18},"end":{"line":4,"column":null}},"1":{"start":{"line":5,"column":18},"end":{"line":5,"column":null}},"2":{"start":{"line":6,"column":24},"end":{"line":6,"column":null}},"3":{"start":{"line":13,"column":2},"end":{"line":13,"column":null}},"4":{"start":{"line":21,"column":13},"end":{"line":21,"column":42}},"5":{"start":{"line":22,"column":14},"end":{"line":22,"column":22}},"6":{"start":{"line":23,"column":17},"end":{"line":23,"column":58}},"7":{"start":{"line":25,"column":18},"end":{"line":25,"column":52}},"8":{"start":{"line":26,"column":2},"end":{"line":26,"column":null}},"9":{"start":{"line":28,"column":18},"end":{"line":28,"column":53}},"10":{"start":{"line":30,"column":2},"end":{"line":30,"column":null}},"11":{"start":{"line":38,"column":16},"end":{"line":38,"column":40}},"12":{"start":{"line":39,"column":2},"end":{"line":40,"column":null}},"13":{"start":{"line":40,"column":4},"end":{"line":40,"column":null}},"14":{"start":{"line":43,"column":48},"end":{"line":43,"column":null}},"15":{"start":{"line":44,"column":13},"end":{"line":44,"column":38}},"16":{"start":{"line":45,"column":18},"end":{"line":45,"column":48}},"17":{"start":{"line":46,"column":24},"end":{"line":46,"column":60}},"18":{"start":{"line":47,"column":14},"end":{"line":47,"column":22}},"19":{"start":{"line":49,"column":19},"end":{"line":49,"column":62}},"20":{"start":{"line":50,"column":2},"end":{"line":50,"column":null}},"21":{"start":{"line":52,"column":18},"end":{"line":52,"column":66}},"22":{"start":{"line":53,"column":2},"end":{"line":53,"column":null}},"23":{"start":{"line":55,"column":2},"end":{"line":55,"column":null}}},"fnMap":{"0":{"name":"getKey","decl":{"start":{"line":12,"column":9},"end":{"line":12,"column":26}},"loc":{"start":{"line":12,"column":26},"end":{"line":13,"column":null}},"line":12},"1":{"name":"encrypt","decl":{"start":{"line":20,"column":16},"end":{"line":20,"column":24}},"loc":{"start":{"line":20,"column":46},"end":{"line":30,"column":null}},"line":20},"2":{"name":"decrypt","decl":{"start":{"line":37,"column":16},"end":{"line":37,"column":24}},"loc":{"start":{"line":37,"column":55},"end":{"line":55,"column":null}},"line":37}},"branchMap":{"0":{"loc":{"start":{"line":39,"column":2},"end":{"line":40,"column":null}},"type":"if","locations":[{"start":{"line":39,"column":2},"end":{"line":40,"column":null}},{"start":{},"end":{}}],"line":39}},"s":{"0":11,"1":11,"2":11,"3":7,"4":4,"5":4,"6":4,"7":4,"8":4,"9":4,"10":4,"11":3,"12":3,"13":0,"14":3,"15":3,"16":3,"17":3,"18":3,"19":3,"20":3,"21":3,"22":3,"23":3},"f":{"0":7,"1":4,"2":3},"b":{"0":[0,3]},"meta":{"lastBranch":1,"lastFunction":3,"lastStatement":24,"seen":{"s:4:18:4:Infinity":0,"s:5:18:5:Infinity":1,"s:6:24:6:Infinity":2,"f:12:9:12:26":0,"s:13:2:13:Infinity":3,"f:20:16:20:24":1,"s:21:13:21:42":4,"s:22:14:22:22":5,"s:23:17:23:58":6,"s:25:18:25:52":7,"s:26:2:26:Infinity":8,"s:28:18:28:53":9,"s:30:2:30:Infinity":10,"f:37:16:37:24":2,"s:38:16:38:40":11,"b:39:2:40:Infinity:undefined:undefined:undefined:undefined":0,"s:39:2:40:Infinity":12,"s:40:4:40:Infinity":13,"s:43:48:43:Infinity":14,"s:44:13:44:38":15,"s:45:18:45:48":16,"s:46:24:46:60":17,"s:47:14:47:22":18,"s:49:19:49:62":19,"s:50:2:50:Infinity":20,"s:52:18:52:66":21,"s:53:2:53:Infinity":22,"s:55:2:55:Infinity":23}}}
,"/data/data/com.termux/files/home/scripthing/apps/backend/src/middleware/auth.middleware.ts": {"path":"/data/data/com.termux/files/home/scripthing/apps/backend/src/middleware/auth.middleware.ts","statementMap":{"0":{"start":{"line":6,"column":19},"end":{"line":6,"column":62}},"1":{"start":{"line":14,"column":30},"end":{"line":25,"column":null}},"2":{"start":{"line":15,"column":21},"end":{"line":15,"column":null}},"3":{"start":{"line":16,"column":2},"end":{"line":17,"column":null}},"4":{"start":{"line":17,"column":4},"end":{"line":17,"column":null}},"5":{"start":{"line":20,"column":16},"end":{"line":20,"column":null}},"6":{"start":{"line":21,"column":2},"end":{"line":25,"column":null}},"7":{"start":{"line":22,"column":24},"end":{"line":22,"column":58}},"8":{"start":{"line":23,"column":4},"end":{"line":23,"column":null}},"9":{"start":{"line":25,"column":4},"end":{"line":25,"column":null}}},"fnMap":{"0":{"name":"(anonymous_0)","decl":{"start":{"line":14,"column":30},"end":{"line":14,"column":37}},"loc":{"start":{"line":14,"column":83},"end":{"line":25,"column":null}},"line":14}},"branchMap":{"0":{"loc":{"start":{"line":16,"column":2},"end":{"line":17,"column":null}},"type":"if","locations":[{"start":{"line":16,"column":2},"end":{"line":17,"column":null}},{"start":{},"end":{}}],"line":16}},"s":{"0":8,"1":8,"2":1,"3":1,"4":0,"5":1,"6":1,"7":1,"8":1,"9":0},"f":{"0":1},"b":{"0":[0,1]},"meta":{"lastBranch":1,"lastFunction":1,"lastStatement":10,"seen":{"s:6:19:6:62":0,"s:14:30:25:Infinity":1,"f:14:30:14:37":0,"s:15:21:15:Infinity":2,"b:16:2:17:Infinity:undefined:undefined:undefined:undefined":0,"s:16:2:17:Infinity":3,"s:17:4:17:Infinity":4,"s:20:16:20:Infinity":5,"s:21:2:25:Infinity":6,"s:22:24:22:58":7,"s:23:4:23:Infinity":8,"s:25:4:25:Infinity":9}}}
,"/data/data/com.termux/files/home/scripthing/apps/backend/src/middleware/error.middleware.ts": {"path":"/data/data/com.termux/files/home/scripthing/apps/backend/src/middleware/error.middleware.ts","statementMap":{"0":{"start":{"line":5,"column":13},"end":{"line":27,"column":null}},"1":{"start":{"line":6,"column":2},"end":{"line":27,"column":null}},"2":{"start":{"line":7,"column":4},"end":{"line":12,"column":null}},"3":{"start":{"line":8,"column":6},"end":{"line":12,"column":null}},"4":{"start":{"line":11,"column":39},"end":{"line":11,"column":null}},"5":{"start":{"line":15,"column":4},"end":{"line":19,"column":null}},"6":{"start":{"line":16,"column":6},"end":{"line":19,"column":null}},"7":{"start":{"line":22,"column":4},"end":{"line":22,"column":null}},"8":{"start":{"line":23,"column":4},"end":{"line":26,"column":null}},"9":{"start":{"line":32,"column":4},"end":{"line":32,"column":null}},"10":{"start":{"line":31,"column":21},"end":{"line":31,"column":41}}},"fnMap":{"0":{"name":"(anonymous_0)","decl":{"start":{"line":5,"column":13},"end":{"line":5,"column":32}},"loc":{"start":{"line":5,"column":61},"end":{"line":27,"column":null}},"line":5},"1":{"name":"(anonymous_1)","decl":{"start":{"line":6,"column":10},"end":{"line":6,"column":27}},"loc":{"start":{"line":6,"column":53},"end":{"line":27,"column":null}},"line":6},"2":{"name":"(anonymous_2)","decl":{"start":{"line":11,"column":29},"end":{"line":11,"column":33}},"loc":{"start":{"line":11,"column":39},"end":{"line":11,"column":null}},"line":11},"3":{"name":"(anonymous_3)","decl":{"start":{"line":31,"column":2},"end":{"line":31,"column":14}},"loc":{"start":{"line":31,"column":58},"end":{"line":31,"column":41}},"line":31}},"branchMap":{"0":{"loc":{"start":{"line":7,"column":4},"end":{"line":12,"column":null}},"type":"if","locations":[{"start":{"line":7,"column":4},"end":{"line":12,"column":null}},{"start":{},"end":{}}],"line":7},"1":{"loc":{"start":{"line":15,"column":4},"end":{"line":19,"column":null}},"type":"if","locations":[{"start":{"line":15,"column":4},"end":{"line":19,"column":null}},{"start":{},"end":{}}],"line":15}},"s":{"0":10,"1":12,"2":3,"3":0,"4":0,"5":3,"6":2,"7":1,"8":1,"9":6,"10":6},"f":{"0":12,"1":3,"2":0,"3":6},"b":{"0":[0,3],"1":[2,1]},"meta":{"lastBranch":2,"lastFunction":4,"lastStatement":11,"seen":{"s:5:13:27:Infinity":0,"f:5:13:5:32":0,"s:6:2:27:Infinity":1,"f:6:10:6:27":1,"b:7:4:12:Infinity:undefined:undefined:undefined:undefined":0,"s:7:4:12:Infinity":2,"s:8:6:12:Infinity":3,"f:11:29:11:33":2,"s:11:39:11:Infinity":4,"b:15:4:19:Infinity:undefined:undefined:undefined:undefined":1,"s:15:4:19:Infinity":5,"s:16:6:19:Infinity":6,"s:22:4:22:Infinity":7,"s:23:4:26:Infinity":8,"f:31:2:31:14":3,"s:32:4:32:Infinity":9,"s:31:21:31:41":10}}}
,"/data/data/com.termux/files/home/scripthing/apps/backend/src/middleware/validation.middleware.ts": {"path":"/data/data/com.termux/files/home/scripthing/apps/backend/src/middleware/validation.middleware.ts","statementMap":{"0":{"start":{"line":6,"column":13},"end":{"line":12,"column":null}},"1":{"start":{"line":7,"column":2},"end":{"line":12,"column":null}},"2":{"start":{"line":8,"column":19},"end":{"line":8,"column":49}},"3":{"start":{"line":9,"column":4},"end":{"line":10,"column":null}},"4":{"start":{"line":10,"column":6},"end":{"line":10,"column":null}},"5":{"start":{"line":12,"column":4},"end":{"line":12,"column":null}}},"fnMap":{"0":{"name":"(anonymous_0)","decl":{"start":{"line":6,"column":13},"end":{"line":6,"column":25}},"loc":{"start":{"line":6,"column":47},"end":{"line":12,"column":null}},"line":6},"1":{"name":"(anonymous_1)","decl":{"start":{"line":7,"column":9},"end":{"line":7,"column":16}},"loc":{"start":{"line":7,"column":66},"end":{"line":12,"column":null}},"line":7}},"branchMap":{"0":{"loc":{"start":{"line":9,"column":4},"end":{"line":10,"column":null}},"type":"if","locations":[{"start":{"line":9,"column":4},"end":{"line":10,"column":null}},{"start":{},"end":{}}],"line":9}},"s":{"0":8,"1":77,"2":10,"3":10,"4":1,"5":9},"f":{"0":77,"1":10},"b":{"0":[1,9]},"meta":{"lastBranch":1,"lastFunction":2,"lastStatement":6,"seen":{"s:6:13:12:Infinity":0,"f:6:13:6:25":0,"s:7:2:12:Infinity":1,"f:7:9:7:16":1,"s:8:19:8:49":2,"b:9:4:10:Infinity:undefined:undefined:undefined:undefined":0,"s:9:4:10:Infinity":3,"s:10:6:10:Infinity":4,"s:12:4:12:Infinity":5}}}
,"/data/data/com.termux/files/home/scripthing/apps/backend/src/routes/ai.ts": {"path":"/data/data/com.termux/files/home/scripthing/apps/backend/src/routes/ai.ts","statementMap":{"0":{"start":{"line":8,"column":19},"end":{"line":18,"column":2}},"1":{"start":{"line":20,"column":27},"end":{"line":22,"column":2}},"2":{"start":{"line":24,"column":24},"end":{"line":76,"column":null}},"3":{"start":{"line":25,"column":2},"end":{"line":25,"column":null}},"4":{"start":{"line":28,"column":2},"end":{"line":64,"column":null}},"5":{"start":{"line":29,"column":74},"end":{"line":29,"column":null}},"6":{"start":{"line":30,"column":19},"end":{"line":30,"column":null}},"7":{"start":{"line":32,"column":4},"end":{"line":62,"column":null}},"8":{"start":{"line":34,"column":6},"end":{"line":34,"column":null}},"9":{"start":{"line":35,"column":6},"end":{"line":35,"column":null}},"10":{"start":{"line":36,"column":6},"end":{"line":36,"column":null}},"11":{"start":{"line":37,"column":6},"end":{"line":37,"column":null}},"12":{"start":{"line":39,"column":23},"end":{"line":45,"column":8}},"13":{"start":{"line":47,"column":6},"end":{"line":48,"column":null}},"14":{"start":{"line":48,"column":8},"end":{"line":48,"column":null}},"15":{"start":{"line":51,"column":6},"end":{"line":51,"column":null}},"16":{"start":{"line":52,"column":6},"end":{"line":52,"column":null}},"17":{"start":{"line":53,"column":6},"end":{"line":53,"column":null}},"18":{"start":{"line":55,"column":21},"end":{"line":61,"column":8}},"19":{"start":{"line":62,"column":6},"end":{"line":62,"column":null}},"20":{"start":{"line":67,"column":2},"end":{"line":71,"column":null}},"21":{"start":{"line":68,"column":25},"end":{"line":68,"column":null}},"22":{"start":{"line":69,"column":20},"end":{"line":69,"column":82}},"23":{"start":{"line":70,"column":4},"end":{"line":70,"column":null}},"24":{"start":{"line":74,"column":2},"end":{"line":76,"column":null}},"25":{"start":{"line":75,"column":4},"end":{"line":75,"column":null}}},"fnMap":{"0":{"name":"(anonymous_0)","decl":{"start":{"line":24,"column":24},"end":{"line":24,"column":31}},"loc":{"start":{"line":24,"column":56},"end":{"line":76,"column":null}},"line":24},"1":{"name":"(anonymous_1)","decl":{"start":{"line":28,"column":58},"end":{"line":28,"column":65}},"loc":{"start":{"line":28,"column":84},"end":{"line":64,"column":null}},"line":28},"2":{"name":"(anonymous_2)","decl":{"start":{"line":67,"column":66},"end":{"line":67,"column":73}},"loc":{"start":{"line":67,"column":85},"end":{"line":71,"column":null}},"line":67},"3":{"name":"(anonymous_3)","decl":{"start":{"line":74,"column":21},"end":{"line":74,"column":33}},"loc":{"start":{"line":74,"column":33},"end":{"line":76,"column":null}},"line":74}},"branchMap":{"0":{"loc":{"start":{"line":32,"column":4},"end":{"line":62,"column":null}},"type":"if","locations":[{"start":{"line":32,"column":4},"end":{"line":62,"column":null}},{"start":{"line":54,"column":11},"end":{"line":62,"column":null}}],"line":32}},"s":{"0":8,"1":8,"2":8,"3":9,"4":9,"5":0,"6":0,"7":0,"8":0,"9":0,"10":0,"11":0,"12":0,"13":0,"14":0,"15":0,"16":0,"17":0,"18":0,"19":0,"20":9,"21":0,"22":0,"23":0,"24":9,"25":0},"f":{"0":9,"1":0,"2":0,"3":0},"b":{"0":[0,0]},"meta":{"lastBranch":1,"lastFunction":4,"lastStatement":26,"seen":{"s:8:19:18:2":0,"s:20:27:22:2":1,"s:24:24:76:Infinity":2,"f:24:24:24:31":0,"s:25:2:25:Infinity":3,"s:28:2:64:Infinity":4,"f:28:58:28:65":1,"s:29:74:29:Infinity":5,"s:30:19:30:Infinity":6,"b:32:4:62:Infinity:54:11:62:Infinity":0,"s:32:4:62:Infinity":7,"s:34:6:34:Infinity":8,"s:35:6:35:Infinity":9,"s:36:6:36:Infinity":10,"s:37:6:37:Infinity":11,"s:39:23:45:8":12,"s:47:6:48:Infinity":13,"s:48:8:48:Infinity":14,"s:51:6:51:Infinity":15,"s:52:6:52:Infinity":16,"s:53:6:53:Infinity":17,"s:55:21:61:8":18,"s:62:6:62:Infinity":19,"s:67:2:71:Infinity":20,"f:67:66:67:73":2,"s:68:25:68:Infinity":21,"s:69:20:69:82":22,"s:70:4:70:Infinity":23,"s:74:2:76:Infinity":24,"f:74:21:74:33":3,"s:75:4:75:Infinity":25}}}
,"/data/data/com.termux/files/home/scripthing/apps/backend/src/routes/auth.schema.ts": {"path":"/data/data/com.termux/files/home/scripthing/apps/backend/src/routes/auth.schema.ts","statementMap":{"0":{"start":{"line":3,"column":30},"end":{"line":7,"column":2}},"1":{"start":{"line":9,"column":27},"end":{"line":12,"column":2}}},"fnMap":{},"branchMap":{},"s":{"0":8,"1":8},"f":{},"b":{},"meta":{"lastBranch":0,"lastFunction":0,"lastStatement":2,"seen":{"s:3:30:7:2":0,"s:9:27:12:2":1}}}
,"/data/data/com.termux/files/home/scripthing/apps/backend/src/routes/auth.ts": {"path":"/data/data/com.termux/files/home/scripthing/apps/backend/src/routes/auth.ts","statementMap":{"0":{"start":{"line":9,"column":15},"end":{"line":9,"column":33}},"1":{"start":{"line":11,"column":22},"end":{"line":13,"column":2}},"2":{"start":{"line":16,"column":2},"end":{"line":19,"column":null}},"3":{"start":{"line":17,"column":19},"end":{"line":17,"column":43}},"4":{"start":{"line":18,"column":4},"end":{"line":18,"column":null}},"5":{"start":{"line":21,"column":2},"end":{"line":24,"column":null}},"6":{"start":{"line":22,"column":19},"end":{"line":22,"column":40}},"7":{"start":{"line":23,"column":4},"end":{"line":23,"column":null}},"8":{"start":{"line":26,"column":2},"end":{"line":29,"column":null}},"9":{"start":{"line":27,"column":19},"end":{"line":27,"column":55}},"10":{"start":{"line":28,"column":4},"end":{"line":28,"column":null}},"11":{"start":{"line":31,"column":2},"end":{"line":34,"column":null}},"12":{"start":{"line":32,"column":4},"end":{"line":32,"column":null}},"13":{"start":{"line":33,"column":4},"end":{"line":33,"column":null}},"14":{"start":{"line":36,"column":2},"end":{"line":49,"column":null}},"15":{"start":{"line":37,"column":17},"end":{"line":37,"column":76}},"16":{"start":{"line":38,"column":4},"end":{"line":38,"column":null}},"17":{"start":{"line":38,"column":15},"end":{"line":38,"column":null}},"18":{"start":{"line":40,"column":4},"end":{"line":48,"column":null}}},"fnMap":{"0":{"name":"(anonymous_0)","decl":{"start":{"line":15,"column":15},"end":{"line":15,"column":31}},"loc":{"start":{"line":15,"column":57},"end":{"line":49,"column":null}},"line":15},"1":{"name":"(anonymous_1)","decl":{"start":{"line":16,"column":73},"end":{"line":16,"column":80}},"loc":{"start":{"line":16,"column":140},"end":{"line":19,"column":null}},"line":16},"2":{"name":"(anonymous_2)","decl":{"start":{"line":21,"column":67},"end":{"line":21,"column":74}},"loc":{"start":{"line":21,"column":134},"end":{"line":24,"column":null}},"line":21},"3":{"name":"(anonymous_3)","decl":{"start":{"line":26,"column":71},"end":{"line":26,"column":78}},"loc":{"start":{"line":26,"column":138},"end":{"line":29,"column":null}},"line":26},"4":{"name":"(anonymous_4)","decl":{"start":{"line":31,"column":26},"end":{"line":31,"column":33}},"loc":{"start":{"line":31,"column":48},"end":{"line":34,"column":null}},"line":31},"5":{"name":"(anonymous_5)","decl":{"start":{"line":36,"column":53},"end":{"line":36,"column":60}},"loc":{"start":{"line":36,"column":105},"end":{"line":49,"column":null}},"line":36}},"branchMap":{"0":{"loc":{"start":{"line":38,"column":4},"end":{"line":38,"column":null}},"type":"if","locations":[{"start":{"line":38,"column":4},"end":{"line":38,"column":null}},{"start":{},"end":{}}],"line":38}},"s":{"0":8,"1":8,"2":9,"3":1,"4":1,"5":9,"6":3,"7":3,"8":9,"9":1,"10":1,"11":9,"12":0,"13":0,"14":9,"15":1,"16":1,"17":0,"18":1},"f":{"0":9,"1":1,"2":3,"3":1,"4":0,"5":1},"b":{"0":[0,1]},"meta":{"lastBranch":1,"lastFunction":6,"lastStatement":19,"seen":{"s:9:15:9:33":0,"s:11:22:13:2":1,"f:15:15:15:31":0,"s:16:2:19:Infinity":2,"f:16:73:16:80":1,"s:17:19:17:43":3,"s:18:4:18:Infinity":4,"s:21:2:24:Infinity":5,"f:21:67:21:74":2,"s:22:19:22:40":6,"s:23:4:23:Infinity":7,"s:26:2:29:Infinity":8,"f:26:71:26:78":3,"s:27:19:27:55":9,"s:28:4:28:Infinity":10,"s:31:2:34:Infinity":11,"f:31:26:31:33":4,"s:32:4:32:Infinity":12,"s:33:4:33:Infinity":13,"s:36:2:49:Infinity":14,"f:36:53:36:60":5,"s:37:17:37:76":15,"b:38:4:38:Infinity:undefined:undefined:undefined:undefined":0,"s:38:4:38:Infinity":16,"s:38:15:38:Infinity":17,"s:40:4:48:Infinity":18}}}
,"/data/data/com.termux/files/home/scripthing/apps/backend/src/routes/projects.ts": {"path":"/data/data/com.termux/files/home/scripthing/apps/backend/src/routes/projects.ts","statementMap":{"0":{"start":{"line":5,"column":22},"end":{"line":9,"column":2}},"1":{"start":{"line":11,"column":29},"end":{"line":27,"column":null}},"2":{"start":{"line":13,"column":2},"end":{"line":15,"column":null}},"3":{"start":{"line":14,"column":4},"end":{"line":14,"column":null}},"4":{"start":{"line":18,"column":2},"end":{"line":21,"column":null}},"5":{"start":{"line":20,"column":4},"end":{"line":20,"column":null}},"6":{"start":{"line":24,"column":2},"end":{"line":27,"column":null}},"7":{"start":{"line":25,"column":19},"end":{"line":25,"column":null}},"8":{"start":{"line":26,"column":4},"end":{"line":26,"column":null}}},"fnMap":{"0":{"name":"(anonymous_0)","decl":{"start":{"line":11,"column":29},"end":{"line":11,"column":36}},"loc":{"start":{"line":11,"column":61},"end":{"line":27,"column":null}},"line":11},"1":{"name":"(anonymous_1)","decl":{"start":{"line":13,"column":15},"end":{"line":13,"column":27}},"loc":{"start":{"line":13,"column":27},"end":{"line":15,"column":null}},"line":13},"2":{"name":"(anonymous_2)","decl":{"start":{"line":18,"column":57},"end":{"line":18,"column":64}},"loc":{"start":{"line":18,"column":83},"end":{"line":21,"column":null}},"line":18},"3":{"name":"(anonymous_3)","decl":{"start":{"line":24,"column":18},"end":{"line":24,"column":25}},"loc":{"start":{"line":24,"column":37},"end":{"line":27,"column":null}},"line":24}},"branchMap":{},"s":{"0":8,"1":8,"2":10,"3":1,"4":10,"5":1,"6":10,"7":0,"8":0},"f":{"0":10,"1":1,"2":1,"3":0},"b":{},"meta":{"lastBranch":0,"lastFunction":4,"lastStatement":9,"seen":{"s:5:22:9:2":0,"s:11:29:27:Infinity":1,"f:11:29:11:36":0,"s:13:2:15:Infinity":2,"f:13:15:13:27":1,"s:14:4:14:Infinity":3,"s:18:2:21:Infinity":4,"f:18:57:18:64":2,"s:20:4:20:Infinity":5,"s:24:2:27:Infinity":6,"f:24:18:24:25":3,"s:25:19:25:Infinity":7,"s:26:4:26:Infinity":8}}}
,"/data/data/com.termux/files/home/scripthing/apps/backend/src/routes/scripts.ts": {"path":"/data/data/com.termux/files/home/scripthing/apps/backend/src/routes/scripts.ts","statementMap":{"0":{"start":{"line":5,"column":21},"end":{"line":8,"column":2}},"1":{"start":{"line":10,"column":28},"end":{"line":61,"column":null}},"2":{"start":{"line":12,"column":2},"end":{"line":15,"column":null}},"3":{"start":{"line":13,"column":26},"end":{"line":13,"column":null}},"4":{"start":{"line":14,"column":4},"end":{"line":14,"column":null}},"5":{"start":{"line":18,"column":2},"end":{"line":20,"column":null}},"6":{"start":{"line":19,"column":4},"end":{"line":19,"column":null}},"7":{"start":{"line":23,"column":2},"end":{"line":26,"column":null}},"8":{"start":{"line":24,"column":19},"end":{"line":24,"column":null}},"9":{"start":{"line":25,"column":4},"end":{"line":25,"column":null}},"10":{"start":{"line":29,"column":2},"end":{"line":31,"column":null}},"11":{"start":{"line":30,"column":4},"end":{"line":30,"column":null}},"12":{"start":{"line":34,"column":2},"end":{"line":46,"column":null}},"13":{"start":{"line":35,"column":19},"end":{"line":35,"column":null}},"14":{"start":{"line":37,"column":19},"end":{"line":37,"column":null}},"15":{"start":{"line":39,"column":28},"end":{"line":39,"column":null}},"16":{"start":{"line":40,"column":22},"end":{"line":40,"column":47}},"17":{"start":{"line":42,"column":4},"end":{"line":45,"column":null}},"18":{"start":{"line":49,"column":2},"end":{"line":61,"column":null}},"19":{"start":{"line":50,"column":19},"end":{"line":50,"column":null}},"20":{"start":{"line":52,"column":19},"end":{"line":52,"column":null}},"21":{"start":{"line":54,"column":28},"end":{"line":54,"column":null}},"22":{"start":{"line":55,"column":23},"end":{"line":55,"column":48}},"23":{"start":{"line":57,"column":4},"end":{"line":60,"column":null}}},"fnMap":{"0":{"name":"(anonymous_0)","decl":{"start":{"line":10,"column":28},"end":{"line":10,"column":35}},"loc":{"start":{"line":10,"column":60},"end":{"line":61,"column":null}},"line":10},"1":{"name":"(anonymous_1)","decl":{"start":{"line":12,"column":42},"end":{"line":12,"column":49}},"loc":{"start":{"line":12,"column":61},"end":{"line":15,"column":null}},"line":12},"2":{"name":"(anonymous_2)","decl":{"start":{"line":18,"column":83},"end":{"line":18,"column":90}},"loc":{"start":{"line":18,"column":109},"end":{"line":20,"column":null}},"line":18},"3":{"name":"(anonymous_3)","decl":{"start":{"line":23,"column":26},"end":{"line":23,"column":33}},"loc":{"start":{"line":23,"column":45},"end":{"line":26,"column":null}},"line":23},"4":{"name":"(anonymous_4)","decl":{"start":{"line":29,"column":36},"end":{"line":29,"column":43}},"loc":{"start":{"line":29,"column":62},"end":{"line":31,"column":null}},"line":29},"5":{"name":"(anonymous_5)","decl":{"start":{"line":34,"column":38},"end":{"line":34,"column":45}},"loc":{"start":{"line":34,"column":64},"end":{"line":46,"column":null}},"line":34},"6":{"name":"(anonymous_6)","decl":{"start":{"line":49,"column":38},"end":{"line":49,"column":45}},"loc":{"start":{"line":49,"column":64},"end":{"line":61,"column":null}},"line":49}},"branchMap":{},"s":{"0":8,"1":8,"2":11,"3":1,"4":1,"5":11,"6":1,"7":11,"8":0,"9":0,"10":11,"11":0,"12":11,"13":1,"14":1,"15":1,"16":1,"17":1,"18":11,"19":1,"20":1,"21":1,"22":1,"23":1},"f":{"0":11,"1":1,"2":1,"3":0,"4":0,"5":1,"6":1},"b":{},"meta":{"lastBranch":0,"lastFunction":7,"lastStatement":24,"seen":{"s:5:21:8:2":0,"s:10:28:61:Infinity":1,"f:10:28:10:35":0,"s:12:2:15:Infinity":2,"f:12:42:12:49":1,"s:13:26:13:Infinity":3,"s:14:4:14:Infinity":4,"s:18:2:20:Infinity":5,"f:18:83:18:90":2,"s:19:4:19:Infinity":6,"s:23:2:26:Infinity":7,"f:23:26:23:33":3,"s:24:19:24:Infinity":8,"s:25:4:25:Infinity":9,"s:29:2:31:Infinity":10,"f:29:36:29:43":4,"s:30:4:30:Infinity":11,"s:34:2:46:Infinity":12,"f:34:38:34:45":5,"s:35:19:35:Infinity":13,"s:37:19:37:Infinity":14,"s:39:28:39:Infinity":15,"s:40:22:40:47":16,"s:42:4:45:Infinity":17,"s:49:2:61:Infinity":18,"f:49:38:49:45":6,"s:50:19:50:Infinity":19,"s:52:19:52:Infinity":20,"s:54:28:54:Infinity":21,"s:55:23:55:48":22,"s:57:4:60:Infinity":23}}}
,"/data/data/com.termux/files/home/scripthing/apps/backend/src/routes/settings.ts": {"path":"/data/data/com.termux/files/home/scripthing/apps/backend/src/routes/settings.ts","statementMap":{"0":{"start":{"line":5,"column":23},"end":{"line":9,"column":2}},"1":{"start":{"line":11,"column":30},"end":{"line":21,"column":null}},"2":{"start":{"line":13,"column":2},"end":{"line":15,"column":null}},"3":{"start":{"line":14,"column":4},"end":{"line":14,"column":null}},"4":{"start":{"line":18,"column":2},"end":{"line":21,"column":null}},"5":{"start":{"line":20,"column":4},"end":{"line":20,"column":null}}},"fnMap":{"0":{"name":"(anonymous_0)","decl":{"start":{"line":11,"column":30},"end":{"line":11,"column":37}},"loc":{"start":{"line":11,"column":62},"end":{"line":21,"column":null}},"line":11},"1":{"name":"(anonymous_1)","decl":{"start":{"line":13,"column":15},"end":{"line":13,"column":27}},"loc":{"start":{"line":13,"column":27},"end":{"line":15,"column":null}},"line":13},"2":{"name":"(anonymous_2)","decl":{"start":{"line":18,"column":57},"end":{"line":18,"column":64}},"loc":{"start":{"line":18,"column":76},"end":{"line":21,"column":null}},"line":18}},"branchMap":{},"s":{"0":8,"1":8,"2":10,"3":1,"4":10,"5":1},"f":{"0":10,"1":1,"2":1},"b":{},"meta":{"lastBranch":0,"lastFunction":3,"lastStatement":6,"seen":{"s:5:23:9:2":0,"s:11:30:21:Infinity":1,"f:11:30:11:37":0,"s:13:2:15:Infinity":2,"f:13:15:13:27":1,"s:14:4:14:Infinity":3,"s:18:2:21:Infinity":4,"f:18:57:18:64":2,"s:20:4:20:Infinity":5}}}
,"/data/data/com.termux/files/home/scripthing/apps/backend/src/services/auth.service.ts": {"path":"/data/data/com.termux/files/home/scripthing/apps/backend/src/services/auth.service.ts","statementMap":{"0":{"start":{"line":8,"column":19},"end":{"line":8,"column":62}},"1":{"start":{"line":21,"column":22},"end":{"line":26,"column":21}},"2":{"start":{"line":28,"column":23},"end":{"line":33,"column":21}},"3":{"start":{"line":35,"column":2},"end":{"line":39,"column":null}},"4":{"start":{"line":43,"column":23},"end":{"line":43,"column":85}},"5":{"start":{"line":44,"column":2},"end":{"line":45,"column":null}},"6":{"start":{"line":45,"column":4},"end":{"line":45,"column":null}},"7":{"start":{"line":48,"column":23},"end":{"line":48,"column":59}},"8":{"start":{"line":49,"column":15},"end":{"line":55,"column":4}},"9":{"start":{"line":57,"column":2},"end":{"line":57,"column":null}},"10":{"start":{"line":61,"column":15},"end":{"line":61,"column":77}},"11":{"start":{"line":62,"column":2},"end":{"line":63,"column":null}},"12":{"start":{"line":63,"column":4},"end":{"line":63,"column":null}},"13":{"start":{"line":66,"column":2},"end":{"line":66,"column":null}},"14":{"start":{"line":70,"column":2},"end":{"line":81,"column":null}},"15":{"start":{"line":71,"column":24},"end":{"line":71,"column":58}},"16":{"start":{"line":72,"column":19},"end":{"line":72,"column":null}},"17":{"start":{"line":73,"column":17},"end":{"line":73,"column":72}},"18":{"start":{"line":75,"column":4},"end":{"line":76,"column":null}},"19":{"start":{"line":76,"column":6},"end":{"line":76,"column":null}},"20":{"start":{"line":79,"column":4},"end":{"line":79,"column":null}},"21":{"start":{"line":81,"column":4},"end":{"line":81,"column":null}},"22":{"start":{"line":91,"column":2},"end":{"line":95,"column":null}},"23":{"start":{"line":92,"column":24},"end":{"line":92,"column":58}},"24":{"start":{"line":93,"column":4},"end":{"line":93,"column":null}},"25":{"start":{"line":95,"column":4},"end":{"line":95,"column":null}}},"fnMap":{"0":{"name":"createTokens","decl":{"start":{"line":20,"column":15},"end":{"line":20,"column":28}},"loc":{"start":{"line":20,"column":107},"end":{"line":39,"column":null}},"line":20},"1":{"name":"register","decl":{"start":{"line":42,"column":22},"end":{"line":42,"column":31}},"loc":{"start":{"line":42,"column":75},"end":{"line":57,"column":null}},"line":42},"2":{"name":"login","decl":{"start":{"line":60,"column":22},"end":{"line":60,"column":28}},"loc":{"start":{"line":60,"column":69},"end":{"line":66,"column":null}},"line":60},"3":{"name":"refresh","decl":{"start":{"line":69,"column":22},"end":{"line":69,"column":30}},"loc":{"start":{"line":69,"column":66},"end":{"line":81,"column":null}},"line":69},"4":{"name":"logout","decl":{"start":{"line":85,"column":22},"end":{"line":85,"column":46}},"loc":{"start":{"line":85,"column":46},"end":{"line":85,"column":null}},"line":85},"5":{"name":"verifyToken","decl":{"start":{"line":90,"column":22},"end":{"line":90,"column":34}},"loc":{"start":{"line":90,"column":78},"end":{"line":95,"column":null}},"line":90}},"branchMap":{"0":{"loc":{"start":{"line":44,"column":2},"end":{"line":45,"column":null}},"type":"if","locations":[{"start":{"line":44,"column":2},"end":{"line":45,"column":null}},{"start":{},"end":{}}],"line":44},"1":{"loc":{"start":{"line":62,"column":2},"end":{"line":63,"column":null}},"type":"if","locations":[{"start":{"line":62,"column":2},"end":{"line":63,"column":null}},{"start":{},"end":{}}],"line":62},"2":{"loc":{"start":{"line":62,"column":6},"end":{"line":62,"column":71}},"type":"binary-expr","locations":[{"start":{"line":62,"column":6},"end":{"line":62,"column":15}},{"start":{"line":62,"column":15},"end":{"line":62,"column":71}}],"line":62},"3":{"loc":{"start":{"line":75,"column":4},"end":{"line":76,"column":null}},"type":"if","locations":[{"start":{"line":75,"column":4},"end":{"line":76,"column":null}},{"start":{},"end":{}}],"line":75}},"s":{"0":9,"1":9,"2":9,"3":9,"4":3,"5":3,"6":1,"7":2,"8":2,"9":2,"10":6,"11":6,"12":1,"13":5,"14":3,"15":3,"16":2,"17":2,"18":2,"19":0,"20":2,"21":1,"22":0,"23":0,"24":0,"25":0},"f":{"0":9,"1":3,"2":6,"3":3,"4":0,"5":0},"b":{"0":[1,2],"1":[1,5],"2":[6,6],"3":[0,2]},"meta":{"lastBranch":4,"lastFunction":6,"lastStatement":26,"seen":{"s:8:19:8:62":0,"f:20:15:20:28":0,"s:21:22:26:21":1,"s:28:23:33:21":2,"s:35:2:39:Infinity":3,"f:42:22:42:31":1,"s:43:23:43:85":4,"b:44:2:45:Infinity:undefined:undefined:undefined:undefined":0,"s:44:2:45:Infinity":5,"s:45:4:45:Infinity":6,"s:48:23:48:59":7,"s:49:15:55:4":8,"s:57:2:57:Infinity":9,"f:60:22:60:28":2,"s:61:15:61:77":10,"b:62:2:63:Infinity:undefined:undefined:undefined:undefined":1,"s:62:2:63:Infinity":11,"b:62:6:62:15:62:15:62:71":2,"s:63:4:63:Infinity":12,"s:66:2:66:Infinity":13,"f:69:22:69:30":3,"s:70:2:81:Infinity":14,"s:71:24:71:58":15,"s:72:19:72:Infinity":16,"s:73:17:73:72":17,"b:75:4:76:Infinity:undefined:undefined:undefined:undefined":3,"s:75:4:76:Infinity":18,"s:76:6:76:Infinity":19,"s:79:4:79:Infinity":20,"s:81:4:81:Infinity":21,"f:85:22:85:46":4,"f:90:22:90:34":5,"s:91:2:95:Infinity":22,"s:92:24:92:58":23,"s:93:4:93:Infinity":24,"s:95:4:95:Infinity":25}}}
,"/data/data/com.termux/files/home/scripthing/apps/backend/src/services/export.service.ts": {"path":"/data/data/com.termux/files/home/scripthing/apps/backend/src/services/export.service.ts","statementMap":{"0":{"start":{"line":9,"column":27},"end":{"line":74,"column":null}},"1":{"start":{"line":10,"column":18},"end":{"line":14,"column":4}},"2":{"start":{"line":15,"column":15},"end":{"line":15,"column":38}},"3":{"start":{"line":18,"column":22},"end":{"line":54,"column":null}},"4":{"start":{"line":61,"column":2},"end":{"line":61,"column":null}},"5":{"start":{"line":62,"column":20},"end":{"line":71,"column":4}},"6":{"start":{"line":73,"column":2},"end":{"line":73,"column":null}},"7":{"start":{"line":74,"column":2},"end":{"line":74,"column":null}},"8":{"start":{"line":77,"column":27},"end":{"line":88,"column":null}},"9":{"start":{"line":79,"column":21},"end":{"line":83,"column":null}},"10":{"start":{"line":88,"column":2},"end":{"line":88,"column":null}}},"fnMap":{"0":{"name":"(anonymous_0)","decl":{"start":{"line":9,"column":27},"end":{"line":9,"column":34}},"loc":{"start":{"line":9,"column":72},"end":{"line":74,"column":null}},"line":9},"1":{"name":"(anonymous_1)","decl":{"start":{"line":77,"column":27},"end":{"line":77,"column":34}},"loc":{"start":{"line":77,"column":72},"end":{"line":88,"column":null}},"line":77}},"branchMap":{"0":{"loc":{"start":{"line":12,"column":20},"end":{"line":12,"column":null}},"type":"binary-expr","locations":[{"start":{"line":12,"column":20},"end":{"line":12,"column":61}},{"start":{"line":12,"column":61},"end":{"line":12,"column":null}}],"line":12},"1":{"loc":{"start":{"line":52,"column":10},"end":{"line":52,"column":null}},"type":"cond-expr","locations":[{"start":{"line":52,"column":24},"end":{"line":52,"column":53}},{"start":{"line":52,"column":53},"end":{"line":52,"column":null}}],"line":52},"2":{"loc":{"start":{"line":54,"column":12},"end":{"line":54,"column":null}},"type":"cond-expr","locations":[{"start":{"line":54,"column":47},"end":{"line":54,"column":62}},{"start":{"line":54,"column":62},"end":{"line":54,"column":null}}],"line":54}},"s":{"0":1,"1":1,"2":1,"3":1,"4":1,"5":1,"6":1,"7":1,"8":1,"9":1,"10":1},"f":{"0":1,"1":1},"b":{"0":[1,1],"1":[1,0],"2":[1,0]},"meta":{"lastBranch":3,"lastFunction":2,"lastStatement":11,"seen":{"s:9:27:74:Infinity":0,"f:9:27:9:34":0,"s:10:18:14:4":1,"b:12:20:12:61:12:61:12:Infinity":0,"s:15:15:15:38":2,"s:18:22:54:Infinity":3,"b:52:24:52:53:52:53:52:Infinity":1,"b:54:47:54:62:54:62:54:Infinity":2,"s:61:2:61:Infinity":4,"s:62:20:71:4":5,"s:73:2:73:Infinity":6,"s:74:2:74:Infinity":7,"s:77:27:88:Infinity":8,"f:77:27:77:34":1,"s:79:21:83:Infinity":9,"s:88:2:88:Infinity":10}}}
,"/data/data/com.termux/files/home/scripthing/apps/backend/src/services/project.service.ts": {"path":"/data/data/com.termux/files/home/scripthing/apps/backend/src/services/project.service.ts","statementMap":{"0":{"start":{"line":3,"column":13},"end":{"line":4,"column":54}},"1":{"start":{"line":4,"column":2},"end":{"line":4,"column":54}},"2":{"start":{"line":6,"column":13},"end":{"line":7,"column":48}},"3":{"start":{"line":7,"column":2},"end":{"line":7,"column":48}},"4":{"start":{"line":9,"column":13},"end":{"line":10,"column":46}},"5":{"start":{"line":10,"column":2},"end":{"line":10,"column":46}},"6":{"start":{"line":12,"column":13},"end":{"line":13,"column":48}},"7":{"start":{"line":13,"column":2},"end":{"line":13,"column":48}},"8":{"start":{"line":15,"column":13},"end":{"line":16,"column":42}},"9":{"start":{"line":16,"column":2},"end":{"line":16,"column":42}}},"fnMap":{"0":{"name":"(anonymous_0)","decl":{"start":{"line":3,"column":13},"end":{"line":3,"column":30}},"loc":{"start":{"line":4,"column":2},"end":{"line":4,"column":54}},"line":4},"1":{"name":"(anonymous_1)","decl":{"start":{"line":6,"column":13},"end":{"line":6,"column":29}},"loc":{"start":{"line":7,"column":2},"end":{"line":7,"column":48}},"line":7},"2":{"name":"(anonymous_2)","decl":{"start":{"line":9,"column":13},"end":{"line":9,"column":27}},"loc":{"start":{"line":10,"column":2},"end":{"line":10,"column":46}},"line":10},"3":{"name":"(anonymous_3)","decl":{"start":{"line":12,"column":13},"end":{"line":12,"column":30}},"loc":{"start":{"line":13,"column":2},"end":{"line":13,"column":48}},"line":13},"4":{"name":"(anonymous_4)","decl":{"start":{"line":15,"column":13},"end":{"line":15,"column":30}},"loc":{"start":{"line":16,"column":2},"end":{"line":16,"column":42}},"line":16}},"branchMap":{},"s":{"0":1,"1":1,"2":1,"3":1,"4":1,"5":1,"6":1,"7":1,"8":1,"9":1},"f":{"0":1,"1":1,"2":1,"3":1,"4":1},"b":{},"meta":{"lastBranch":0,"lastFunction":5,"lastStatement":10,"seen":{"s:3:13:4:54":0,"f:3:13:3:30":0,"s:4:2:4:54":1,"s:6:13:7:48":2,"f:6:13:6:29":1,"s:7:2:7:48":3,"s:9:13:10:46":4,"f:9:13:9:27":2,"s:10:2:10:46":5,"s:12:13:13:48":6,"f:12:13:12:30":3,"s:13:2:13:48":7,"s:15:13:16:42":8,"f:15:13:15:30":4,"s:16:2:16:42":9}}}
,"/data/data/com.termux/files/home/scripthing/apps/backend/src/services/script.service.ts": {"path":"/data/data/com.termux/files/home/scripthing/apps/backend/src/services/script.service.ts","statementMap":{"0":{"start":{"line":3,"column":13},"end":{"line":4,"column":56}},"1":{"start":{"line":4,"column":2},"end":{"line":4,"column":56}},"2":{"start":{"line":6,"column":13},"end":{"line":7,"column":50}},"3":{"start":{"line":7,"column":2},"end":{"line":7,"column":50}},"4":{"start":{"line":9,"column":13},"end":{"line":10,"column":45}},"5":{"start":{"line":10,"column":2},"end":{"line":10,"column":45}},"6":{"start":{"line":12,"column":13},"end":{"line":13,"column":47}},"7":{"start":{"line":13,"column":2},"end":{"line":13,"column":47}},"8":{"start":{"line":15,"column":13},"end":{"line":16,"column":41}},"9":{"start":{"line":16,"column":2},"end":{"line":16,"column":41}}},"fnMap":{"0":{"name":"(anonymous_0)","decl":{"start":{"line":3,"column":13},"end":{"line":3,"column":29}},"loc":{"start":{"line":4,"column":2},"end":{"line":4,"column":56}},"line":4},"1":{"name":"(anonymous_1)","decl":{"start":{"line":6,"column":13},"end":{"line":6,"column":28}},"loc":{"start":{"line":7,"column":2},"end":{"line":7,"column":50}},"line":7},"2":{"name":"(anonymous_2)","decl":{"start":{"line":9,"column":13},"end":{"line":9,"column":26}},"loc":{"start":{"line":10,"column":2},"end":{"line":10,"column":45}},"line":10},"3":{"name":"(anonymous_3)","decl":{"start":{"line":12,"column":13},"end":{"line":12,"column":29}},"loc":{"start":{"line":13,"column":2},"end":{"line":13,"column":47}},"line":13},"4":{"name":"(anonymous_4)","decl":{"start":{"line":15,"column":13},"end":{"line":15,"column":29}},"loc":{"start":{"line":16,"column":2},"end":{"line":16,"column":41}},"line":16}},"branchMap":{},"s":{"0":1,"1":1,"2":1,"3":1,"4":1,"5":1,"6":1,"7":1,"8":1,"9":1},"f":{"0":1,"1":1,"2":1,"3":1,"4":1},"b":{},"meta":{"lastBranch":0,"lastFunction":5,"lastStatement":10,"seen":{"s:3:13:4:56":0,"f:3:13:3:29":0,"s:4:2:4:56":1,"s:6:13:7:50":2,"f:6:13:6:28":1,"s:7:2:7:50":3,"s:9:13:10:45":4,"f:9:13:9:26":2,"s:10:2:10:45":5,"s:12:13:13:47":6,"f:12:13:12:29":3,"s:13:2:13:47":7,"s:15:13:16:41":8,"f:15:13:15:29":4,"s:16:2:16:41":9}}}
,"/data/data/com.termux/files/home/scripthing/apps/backend/src/services/settings.service.ts": {"path":"/data/data/com.termux/files/home/scripthing/apps/backend/src/services/settings.service.ts","statementMap":{"0":{"start":{"line":3,"column":23},"end":{"line":3,"column":null}},"1":{"start":{"line":13,"column":2},"end":{"line":13,"column":null}},"2":{"start":{"line":13,"column":12},"end":{"line":13,"column":null}},"3":{"start":{"line":14,"column":8},"end":{"line":14,"column":32}},"4":{"start":{"line":15,"column":2},"end":{"line":15,"column":null}},"5":{"start":{"line":15,"column":29},"end":{"line":15,"column":null}},"6":{"start":{"line":16,"column":2},"end":{"line":16,"column":null}},"7":{"start":{"line":20,"column":19},"end":{"line":22,"column":4}},"8":{"start":{"line":24,"column":2},"end":{"line":38,"column":null}},"9":{"start":{"line":25,"column":4},"end":{"line":38,"column":null}},"10":{"start":{"line":41,"column":17},"end":{"line":41,"column":32}},"11":{"start":{"line":43,"column":2},"end":{"line":48,"column":null}},"12":{"start":{"line":44,"column":4},"end":{"line":48,"column":null}},"13":{"start":{"line":45,"column":6},"end":{"line":48,"column":null}},"14":{"start":{"line":46,"column":8},"end":{"line":46,"column":null}},"15":{"start":{"line":48,"column":8},"end":{"line":48,"column":null}},"16":{"start":{"line":53,"column":2},"end":{"line":53,"column":null}},"17":{"start":{"line":57,"column":21},"end":{"line":57,"column":32}},"18":{"start":{"line":60,"column":2},"end":{"line":66,"column":null}},"19":{"start":{"line":61,"column":4},"end":{"line":66,"column":null}},"20":{"start":{"line":63,"column":6},"end":{"line":66,"column":null}},"21":{"start":{"line":64,"column":8},"end":{"line":64,"column":null}},"22":{"start":{"line":66,"column":8},"end":{"line":66,"column":null}},"23":{"start":{"line":71,"column":2},"end":{"line":78,"column":null}}},"fnMap":{"0":{"name":"maskKey","decl":{"start":{"line":12,"column":9},"end":{"line":12,"column":17}},"loc":{"start":{"line":12,"column":52},"end":{"line":16,"column":null}},"line":12},"1":{"name":"getSettings","decl":{"start":{"line":19,"column":22},"end":{"line":19,"column":34}},"loc":{"start":{"line":19,"column":97},"end":{"line":53,"column":null}},"line":19},"2":{"name":"updateSettings","decl":{"start":{"line":56,"column":22},"end":{"line":56,"column":37}},"loc":{"start":{"line":56,"column":77},"end":{"line":78,"column":null}},"line":56}},"branchMap":{"0":{"loc":{"start":{"line":13,"column":2},"end":{"line":13,"column":null}},"type":"if","locations":[{"start":{"line":13,"column":2},"end":{"line":13,"column":null}},{"start":{},"end":{}}],"line":13},"1":{"loc":{"start":{"line":15,"column":2},"end":{"line":15,"column":null}},"type":"if","locations":[{"start":{"line":15,"column":2},"end":{"line":15,"column":null}},{"start":{},"end":{}}],"line":15},"2":{"loc":{"start":{"line":19,"column":63},"end":{"line":19,"column":95}},"type":"default-arg","locations":[{"start":{"line":19,"column":93},"end":{"line":19,"column":95}}],"line":19},"3":{"loc":{"start":{"line":24,"column":2},"end":{"line":38,"column":null}},"type":"if","locations":[{"start":{"line":24,"column":2},"end":{"line":38,"column":null}},{"start":{},"end":{}}],"line":24},"4":{"loc":{"start":{"line":44,"column":4},"end":{"line":48,"column":null}},"type":"if","locations":[{"start":{"line":44,"column":4},"end":{"line":48,"column":null}},{"start":{},"end":{}}],"line":44},"5":{"loc":{"start":{"line":45,"column":6},"end":{"line":48,"column":null}},"type":"if","locations":[{"start":{"line":45,"column":6},"end":{"line":48,"column":null}},{"start":{"line":47,"column":13},"end":{"line":48,"column":null}}],"line":45},"6":{"loc":{"start":{"line":61,"column":4},"end":{"line":66,"column":null}},"type":"if","locations":[{"start":{"line":61,"column":4},"end":{"line":66,"column":null}},{"start":{},"end":{}}],"line":61},"7":{"loc":{"start":{"line":61,"column":8},"end":{"line":61,"column":71}},"type":"binary-expr","locations":[{"start":{"line":61,"column":8},"end":{"line":61,"column":43}},{"start":{"line":61,"column":43},"end":{"line":61,"column":71}}],"line":61},"8":{"loc":{"start":{"line":63,"column":6},"end":{"line":66,"column":null}},"type":"if","locations":[{"start":{"line":63,"column":6},"end":{"line":66,"column":null}},{"start":{"line":65,"column":13},"end":{"line":66,"column":null}}],"line":63},"9":{"loc":{"start":{"line":63,"column":10},"end":{"line":63,"column":87}},"type":"binary-expr","locations":[{"start":{"line":63,"column":10},"end":{"line":63,"column":51}},{"start":{"line":63,"column":51},"end":{"line":63,"column":87}}],"line":63}},"s":{"0":11,"1":1,"2":0,"3":1,"4":1,"5":0,"6":1,"7":2,"8":2,"9":0,"10":2,"11":2,"12":6,"13":2,"14":1,"15":1,"16":2,"17":1,"18":1,"19":3,"20":1,"21":0,"22":1,"23":1},"f":{"0":1,"1":2,"2":1},"b":{"0":[0,1],"1":[0,1],"2":[2],"3":[0,2],"4":[2,4],"5":[1,1],"6":[1,2],"7":[3,1],"8":[0,1],"9":[1,1]},"meta":{"lastBranch":10,"lastFunction":3,"lastStatement":24,"seen":{"s:3:23:3:Infinity":0,"f:12:9:12:17":0,"b:13:2:13:Infinity:undefined:undefined:undefined:undefined":0,"s:13:2:13:Infinity":1,"s:13:12:13:Infinity":2,"s:14:8:14:32":3,"b:15:2:15:Infinity:undefined:undefined:undefined:undefined":1,"s:15:2:15:Infinity":4,"s:15:29:15:Infinity":5,"s:16:2:16:Infinity":6,"f:19:22:19:34":1,"b:19:93:19:95":2,"s:20:19:22:4":7,"b:24:2:38:Infinity:undefined:undefined:undefined:undefined":3,"s:24:2:38:Infinity":8,"s:25:4:38:Infinity":9,"s:41:17:41:32":10,"s:43:2:48:Infinity":11,"b:44:4:48:Infinity:undefined:undefined:undefined:undefined":4,"s:44:4:48:Infinity":12,"b:45:6:48:Infinity:47:13:48:Infinity":5,"s:45:6:48:Infinity":13,"s:46:8:46:Infinity":14,"s:48:8:48:Infinity":15,"s:53:2:53:Infinity":16,"f:56:22:56:37":2,"s:57:21:57:32":17,"s:60:2:66:Infinity":18,"b:61:4:66:Infinity:undefined:undefined:undefined:undefined":6,"s:61:4:66:Infinity":19,"b:61:8:61:43:61:43:61:71":7,"b:63:6:66:Infinity:65:13:66:Infinity":8,"s:63:6:66:Infinity":20,"b:63:10:63:51:63:51:63:87":9,"s:64:8:64:Infinity":21,"s:66:8:66:Infinity":22,"s:71:2:78:Infinity":23}}}
,"/data/data/com.termux/files/home/scripthing/apps/backend/src/services/ai/ai.service.ts": {"path":"/data/data/com.termux/files/home/scripthing/apps/backend/src/services/ai/ai.service.ts","statementMap":{"0":{"start":{"line":11,"column":19},"end":{"line":11,"column":75}},"1":{"start":{"line":13,"column":2},"end":{"line":26,"column":null}},"2":{"start":{"line":15,"column":6},"end":{"line":15,"column":null}},"3":{"start":{"line":15,"column":34},"end":{"line":15,"column":null}},"4":{"start":{"line":16,"column":6},"end":{"line":16,"column":null}},"5":{"start":{"line":18,"column":6},"end":{"line":18,"column":null}},"6":{"start":{"line":18,"column":37},"end":{"line":18,"column":null}},"7":{"start":{"line":19,"column":6},"end":{"line":19,"column":null}},"8":{"start":{"line":21,"column":6},"end":{"line":21,"column":null}},"9":{"start":{"line":21,"column":34},"end":{"line":21,"column":null}},"10":{"start":{"line":22,"column":6},"end":{"line":22,"column":null}},"11":{"start":{"line":24,"column":6},"end":{"line":24,"column":null}},"12":{"start":{"line":26,"column":6},"end":{"line":26,"column":null}},"13":{"start":{"line":36,"column":19},"end":{"line":36,"column":66}},"14":{"start":{"line":37,"column":2},"end":{"line":37,"column":null}},"15":{"start":{"line":46,"column":19},"end":{"line":46,"column":66}},"16":{"start":{"line":47,"column":2},"end":{"line":47,"column":null}},"17":{"start":{"line":55,"column":19},"end":{"line":55,"column":66}},"18":{"start":{"line":56,"column":2},"end":{"line":56,"column":null}},"19":{"start":{"line":60,"column":2},"end":{"line":60,"column":null}}},"fnMap":{"0":{"name":"getProvider","decl":{"start":{"line":10,"column":22},"end":{"line":10,"column":34}},"loc":{"start":{"line":10,"column":110},"end":{"line":26,"column":null}},"line":10},"1":{"name":"complete","decl":{"start":{"line":30,"column":22},"end":{"line":30,"column":null}},"loc":{"start":{"line":35,"column":31},"end":{"line":37,"column":null}},"line":35},"2":{"name":"completeStream","decl":{"start":{"line":40,"column":23},"end":{"line":40,"column":null}},"loc":{"start":{"line":45,"column":46},"end":{"line":47,"column":null}},"line":45},"3":{"name":"testProvider","decl":{"start":{"line":50,"column":22},"end":{"line":50,"column":null}},"loc":{"start":{"line":54,"column":20},"end":{"line":56,"column":null}},"line":54},"4":{"name":"getModels","decl":{"start":{"line":59,"column":16},"end":{"line":59,"column":28}},"loc":{"start":{"line":59,"column":28},"end":{"line":60,"column":null}},"line":59}},"branchMap":{"0":{"loc":{"start":{"line":13,"column":2},"end":{"line":26,"column":null}},"type":"switch","locations":[{"start":{"line":14,"column":4},"end":{"line":16,"column":null}},{"start":{"line":17,"column":4},"end":{"line":19,"column":null}},{"start":{"line":20,"column":4},"end":{"line":22,"column":null}},{"start":{"line":23,"column":4},"end":{"line":24,"column":null}},{"start":{"line":25,"column":4},"end":{"line":26,"column":null}}],"line":13},"1":{"loc":{"start":{"line":15,"column":6},"end":{"line":15,"column":null}},"type":"if","locations":[{"start":{"line":15,"column":6},"end":{"line":15,"column":null}},{"start":{},"end":{}}],"line":15},"2":{"loc":{"start":{"line":18,"column":6},"end":{"line":18,"column":null}},"type":"if","locations":[{"start":{"line":18,"column":6},"end":{"line":18,"column":null}},{"start":{},"end":{}}],"line":18},"3":{"loc":{"start":{"line":21,"column":6},"end":{"line":21,"column":null}},"type":"if","locations":[{"start":{"line":21,"column":6},"end":{"line":21,"column":null}},{"start":{},"end":{}}],"line":21},"4":{"loc":{"start":{"line":24,"column":32},"end":{"line":24,"column":84}},"type":"binary-expr","locations":[{"start":{"line":24,"column":32},"end":{"line":24,"column":59}},{"start":{"line":24,"column":59},"end":{"line":24,"column":84}}],"line":24}},"s":{"0":4,"1":4,"2":2,"3":1,"4":1,"5":0,"6":0,"7":0,"8":1,"9":0,"10":1,"11":1,"12":0,"13":1,"14":1,"15":0,"16":0,"17":0,"18":0,"19":0},"f":{"0":4,"1":1,"2":0,"3":0,"4":0},"b":{"0":[2,0,1,1,0],"1":[1,1],"2":[0,0],"3":[0,1],"4":[1,0]},"meta":{"lastBranch":5,"lastFunction":5,"lastStatement":20,"seen":{"f:10:22:10:34":0,"s:11:19:11:75":0,"b:14:4:16:Infinity:17:4:19:Infinity:20:4:22:Infinity:23:4:24:Infinity:25:4:26:Infinity":0,"s:13:2:26:Infinity":1,"b:15:6:15:Infinity:undefined:undefined:undefined:undefined":1,"s:15:6:15:Infinity":2,"s:15:34:15:Infinity":3,"s:16:6:16:Infinity":4,"b:18:6:18:Infinity:undefined:undefined:undefined:undefined":2,"s:18:6:18:Infinity":5,"s:18:37:18:Infinity":6,"s:19:6:19:Infinity":7,"b:21:6:21:Infinity:undefined:undefined:undefined:undefined":3,"s:21:6:21:Infinity":8,"s:21:34:21:Infinity":9,"s:22:6:22:Infinity":10,"s:24:6:24:Infinity":11,"b:24:32:24:59:24:59:24:84":4,"s:26:6:26:Infinity":12,"f:30:22:30:Infinity":1,"s:36:19:36:66":13,"s:37:2:37:Infinity":14,"f:40:23:40:Infinity":2,"s:46:19:46:66":15,"s:47:2:47:Infinity":16,"f:50:22:50:Infinity":3,"s:55:19:55:66":17,"s:56:2:56:Infinity":18,"f:59:16:59:28":4,"s:60:2:60:Infinity":19}}}
,"/data/data/com.termux/files/home/scripthing/apps/backend/src/services/ai/anthropic.provider.ts": {"path":"/data/data/com.termux/files/home/scripthing/apps/backend/src/services/ai/anthropic.provider.ts","statementMap":{"0":{"start":{"line":6,"column":18},"end":{"line":6,"column":null}},"1":{"start":{"line":7,"column":29},"end":{"line":7,"column":77}},"2":{"start":{"line":7,"column":72},"end":{"line":7,"column":77}},"3":{"start":{"line":11,"column":4},"end":{"line":11,"column":null}},"4":{"start":{"line":12,"column":4},"end":{"line":12,"column":null}},"5":{"start":{"line":16,"column":26},"end":{"line":16,"column":null}},"6":{"start":{"line":16,"column":45},"end":{"line":16,"column":65}},"7":{"start":{"line":17,"column":33},"end":{"line":22,"column":9}},"8":{"start":{"line":18,"column":19},"end":{"line":18,"column":39}},"9":{"start":{"line":19,"column":17},"end":{"line":22,"column":9}},"10":{"start":{"line":24,"column":4},"end":{"line":24,"column":null}},"11":{"start":{"line":28,"column":52},"end":{"line":28,"column":92}},"12":{"start":{"line":30,"column":21},"end":{"line":37,"column":6}},"13":{"start":{"line":39,"column":20},"end":{"line":39,"column":null}},"14":{"start":{"line":40,"column":4},"end":{"line":49,"column":null}},"15":{"start":{"line":53,"column":52},"end":{"line":53,"column":92}},"16":{"start":{"line":55,"column":19},"end":{"line":62,"column":6}},"17":{"start":{"line":64,"column":4},"end":{"line":70,"column":null}},"18":{"start":{"line":65,"column":6},"end":{"line":70,"column":null}},"19":{"start":{"line":66,"column":8},"end":{"line":70,"column":null}},"20":{"start":{"line":76,"column":4},"end":{"line":85,"column":null}},"21":{"start":{"line":78,"column":6},"end":{"line":82,"column":null}},"22":{"start":{"line":83,"column":6},"end":{"line":83,"column":null}},"23":{"start":{"line":85,"column":6},"end":{"line":85,"column":null}}},"fnMap":{"0":{"name":"(anonymous_0)","decl":{"start":{"line":7,"column":63},"end":{"line":7,"column":67}},"loc":{"start":{"line":7,"column":72},"end":{"line":7,"column":77}},"line":7},"1":{"name":"(anonymous_1)","decl":{"start":{"line":10,"column":2},"end":{"line":10,"column":14}},"loc":{"start":{"line":10,"column":30},"end":{"line":12,"column":null}},"line":10},"2":{"name":"(anonymous_2)","decl":{"start":{"line":15,"column":2},"end":{"line":15,"column":10}},"loc":{"start":{"line":15,"column":45},"end":{"line":24,"column":null}},"line":15},"3":{"name":"(anonymous_3)","decl":{"start":{"line":16,"column":35},"end":{"line":16,"column":40}},"loc":{"start":{"line":16,"column":45},"end":{"line":16,"column":65}},"line":16},"4":{"name":"(anonymous_4)","decl":{"start":{"line":18,"column":7},"end":{"line":18,"column":14}},"loc":{"start":{"line":18,"column":19},"end":{"line":18,"column":39}},"line":18},"5":{"name":"(anonymous_5)","decl":{"start":{"line":19,"column":7},"end":{"line":19,"column":11}},"loc":{"start":{"line":19,"column":17},"end":{"line":22,"column":9}},"line":19},"6":{"name":"(anonymous_6)","decl":{"start":{"line":27,"column":8},"end":{"line":27,"column":17}},"loc":{"start":{"line":27,"column":76},"end":{"line":49,"column":null}},"line":27},"7":{"name":"(anonymous_7)","decl":{"start":{"line":52,"column":9},"end":{"line":52,"column":24}},"loc":{"start":{"line":52,"column":98},"end":{"line":70,"column":null}},"line":52},"8":{"name":"(anonymous_8)","decl":{"start":{"line":75,"column":8},"end":{"line":75,"column":43}},"loc":{"start":{"line":75,"column":43},"end":{"line":85,"column":null}},"line":75}},"branchMap":{"0":{"loc":{"start":{"line":35,"column":18},"end":{"line":35,"column":null}},"type":"binary-expr","locations":[{"start":{"line":35,"column":18},"end":{"line":35,"column":39}},{"start":{"line":35,"column":39},"end":{"line":35,"column":null}}],"line":35},"1":{"loc":{"start":{"line":39,"column":20},"end":{"line":39,"column":null}},"type":"cond-expr","locations":[{"start":{"line":39,"column":58},"end":{"line":39,"column":85}},{"start":{"line":39,"column":85},"end":{"line":39,"column":null}}],"line":39},"2":{"loc":{"start":{"line":60,"column":18},"end":{"line":60,"column":null}},"type":"binary-expr","locations":[{"start":{"line":60,"column":18},"end":{"line":60,"column":39}},{"start":{"line":60,"column":39},"end":{"line":60,"column":null}}],"line":60},"3":{"loc":{"start":{"line":65,"column":6},"end":{"line":70,"column":null}},"type":"if","locations":[{"start":{"line":65,"column":6},"end":{"line":70,"column":null}},{"start":{},"end":{}}],"line":65},"4":{"loc":{"start":{"line":65,"column":10},"end":{"line":65,"column":85}},"type":"binary-expr","locations":[{"start":{"line":65,"column":10},"end":{"line":65,"column":50}},{"start":{"line":65,"column":50},"end":{"line":65,"column":85}}],"line":65}},"s":{"0":4,"1":4,"2":8,"3":4,"4":4,"5":3,"6":3,"7":3,"8":3,"9":3,"10":3,"11":2,"12":2,"13":1,"14":2,"15":1,"16":1,"17":1,"18":2,"19":2,"20":0,"21":0,"22":0,"23":0},"f":{"0":8,"1":4,"2":3,"3":3,"4":3,"5":3,"6":2,"7":1,"8":0},"b":{"0":[2,2],"1":[1,0],"2":[1,1],"3":[2,0],"4":[2,2]},"meta":{"lastBranch":5,"lastFunction":9,"lastStatement":24,"seen":{"s:6:18:6:Infinity":0,"s:7:29:7:77":1,"f:7:63:7:67":0,"s:7:72:7:77":2,"f:10:2:10:14":1,"s:11:4:11:Infinity":3,"s:12:4:12:Infinity":4,"f:15:2:15:10":2,"s:16:26:16:Infinity":5,"f:16:35:16:40":3,"s:16:45:16:65":6,"s:17:33:22:9":7,"f:18:7:18:14":4,"s:18:19:18:39":8,"f:19:7:19:11":5,"s:19:17:22:9":9,"s:24:4:24:Infinity":10,"f:27:8:27:17":6,"s:28:52:28:92":11,"s:30:21:37:6":12,"b:35:18:35:39:35:39:35:Infinity":0,"s:39:20:39:Infinity":13,"b:39:58:39:85:39:85:39:Infinity":1,"s:40:4:49:Infinity":14,"f:52:9:52:24":7,"s:53:52:53:92":15,"s:55:19:62:6":16,"b:60:18:60:39:60:39:60:Infinity":2,"s:64:4:70:Infinity":17,"b:65:6:70:Infinity:undefined:undefined:undefined:undefined":3,"s:65:6:70:Infinity":18,"b:65:10:65:50:65:50:65:85":4,"s:66:8:70:Infinity":19,"f:75:8:75:43":8,"s:76:4:85:Infinity":20,"s:78:6:82:Infinity":21,"s:83:6:83:Infinity":22,"s:85:6:85:Infinity":23}}}
,"/data/data/com.termux/files/home/scripthing/apps/backend/src/services/ai/base.provider.ts": {"path":"/data/data/com.termux/files/home/scripthing/apps/backend/src/services/ai/base.provider.ts","statementMap":{},"fnMap":{},"branchMap":{},"s":{},"f":{},"b":{},"meta":{"lastBranch":0,"lastFunction":0,"lastStatement":0,"seen":{}}}
,"/data/data/com.termux/files/home/scripthing/apps/backend/src/services/ai/gemini.provider.ts": {"path":"/data/data/com.termux/files/home/scripthing/apps/backend/src/services/ai/gemini.provider.ts","statementMap":{"0":{"start":{"line":6,"column":18},"end":{"line":6,"column":null}},"1":{"start":{"line":7,"column":29},"end":{"line":7,"column":74}},"2":{"start":{"line":7,"column":69},"end":{"line":7,"column":74}},"3":{"start":{"line":11,"column":4},"end":{"line":11,"column":null}},"4":{"start":{"line":12,"column":4},"end":{"line":12,"column":null}},"5":{"start":{"line":19,"column":4},"end":{"line":19,"column":null}},"6":{"start":{"line":19,"column":29},"end":{"line":19,"column":69}},"7":{"start":{"line":23,"column":18},"end":{"line":29,"column":6}},"8":{"start":{"line":31,"column":19},"end":{"line":31,"column":59}},"9":{"start":{"line":32,"column":19},"end":{"line":32,"column":54}},"10":{"start":{"line":33,"column":21},"end":{"line":33,"column":null}},"11":{"start":{"line":35,"column":4},"end":{"line":44,"column":null}},"12":{"start":{"line":48,"column":18},"end":{"line":54,"column":6}},"13":{"start":{"line":56,"column":19},"end":{"line":56,"column":59}},"14":{"start":{"line":57,"column":19},"end":{"line":57,"column":60}},"15":{"start":{"line":59,"column":4},"end":{"line":66,"column":null}},"16":{"start":{"line":60,"column":22},"end":{"line":60,"column":34}},"17":{"start":{"line":61,"column":6},"end":{"line":66,"column":null}},"18":{"start":{"line":62,"column":8},"end":{"line":66,"column":null}},"19":{"start":{"line":72,"column":4},"end":{"line":77,"column":null}},"20":{"start":{"line":73,"column":20},"end":{"line":73,"column":85}},"21":{"start":{"line":74,"column":6},"end":{"line":74,"column":null}},"22":{"start":{"line":75,"column":6},"end":{"line":75,"column":null}},"23":{"start":{"line":77,"column":6},"end":{"line":77,"column":null}}},"fnMap":{"0":{"name":"(anonymous_0)","decl":{"start":{"line":7,"column":60},"end":{"line":7,"column":64}},"loc":{"start":{"line":7,"column":69},"end":{"line":7,"column":74}},"line":7},"1":{"name":"(anonymous_1)","decl":{"start":{"line":10,"column":2},"end":{"line":10,"column":14}},"loc":{"start":{"line":10,"column":30},"end":{"line":12,"column":null}},"line":10},"2":{"name":"(anonymous_2)","decl":{"start":{"line":15,"column":2},"end":{"line":15,"column":10}},"loc":{"start":{"line":15,"column":45},"end":{"line":19,"column":null}},"line":15},"3":{"name":"(anonymous_3)","decl":{"start":{"line":19,"column":20},"end":{"line":19,"column":24}},"loc":{"start":{"line":19,"column":29},"end":{"line":19,"column":69}},"line":19},"4":{"name":"(anonymous_4)","decl":{"start":{"line":22,"column":8},"end":{"line":22,"column":17}},"loc":{"start":{"line":22,"column":76},"end":{"line":44,"column":null}},"line":22},"5":{"name":"(anonymous_5)","decl":{"start":{"line":47,"column":9},"end":{"line":47,"column":24}},"loc":{"start":{"line":47,"column":98},"end":{"line":66,"column":null}},"line":47},"6":{"name":"(anonymous_6)","decl":{"start":{"line":71,"column":8},"end":{"line":71,"column":43}},"loc":{"start":{"line":71,"column":43},"end":{"line":77,"column":null}},"line":71}},"branchMap":{"0":{"loc":{"start":{"line":40,"column":22},"end":{"line":40,"column":null}},"type":"binary-expr","locations":[{"start":{"line":40,"column":22},"end":{"line":40,"column":73}},{"start":{"line":40,"column":73},"end":{"line":40,"column":null}}],"line":40},"1":{"loc":{"start":{"line":41,"column":26},"end":{"line":41,"column":null}},"type":"binary-expr","locations":[{"start":{"line":41,"column":26},"end":{"line":41,"column":81}},{"start":{"line":41,"column":81},"end":{"line":41,"column":null}}],"line":41},"2":{"loc":{"start":{"line":42,"column":21},"end":{"line":42,"column":null}},"type":"binary-expr","locations":[{"start":{"line":42,"column":21},"end":{"line":42,"column":71}},{"start":{"line":42,"column":71},"end":{"line":42,"column":null}}],"line":42},"3":{"loc":{"start":{"line":61,"column":6},"end":{"line":66,"column":null}},"type":"if","locations":[{"start":{"line":61,"column":6},"end":{"line":66,"column":null}},{"start":{},"end":{}}],"line":61}},"s":{"0":4,"1":4,"2":8,"3":4,"4":4,"5":3,"6":3,"7":2,"8":2,"9":2,"10":1,"11":1,"12":1,"13":1,"14":1,"15":1,"16":2,"17":2,"18":2,"19":0,"20":0,"21":0,"22":0,"23":0},"f":{"0":8,"1":4,"2":3,"3":3,"4":2,"5":1,"6":0},"b":{"0":[1,0],"1":[2,0],"2":[2,0],"3":[2,0]},"meta":{"lastBranch":4,"lastFunction":7,"lastStatement":24,"seen":{"s:6:18:6:Infinity":0,"s:7:29:7:74":1,"f:7:60:7:64":0,"s:7:69:7:74":2,"f:10:2:10:14":1,"s:11:4:11:Infinity":3,"s:12:4:12:Infinity":4,"f:15:2:15:10":2,"s:19:4:19:Infinity":5,"f:19:20:19:24":3,"s:19:29:19:69":6,"f:22:8:22:17":4,"s:23:18:29:6":7,"s:31:19:31:59":8,"s:32:19:32:54":9,"s:33:21:33:Infinity":10,"s:35:4:44:Infinity":11,"b:40:22:40:73:40:73:40:Infinity":0,"b:41:26:41:81:41:81:41:Infinity":1,"b:42:21:42:71:42:71:42:Infinity":2,"f:47:9:47:24":5,"s:48:18:54:6":12,"s:56:19:56:59":13,"s:57:19:57:60":14,"s:59:4:66:Infinity":15,"s:60:22:60:34":16,"b:61:6:66:Infinity:undefined:undefined:undefined:undefined":3,"s:61:6:66:Infinity":17,"s:62:8:66:Infinity":18,"f:71:8:71:43":6,"s:72:4:77:Infinity":19,"s:73:20:73:85":20,"s:74:6:74:Infinity":21,"s:75:6:75:Infinity":22,"s:77:6:77:Infinity":23}}}
,"/data/data/com.termux/files/home/scripthing/apps/backend/src/services/ai/ollama.provider.ts": {"path":"/data/data/com.termux/files/home/scripthing/apps/backend/src/services/ai/ollama.provider.ts","statementMap":{"0":{"start":{"line":6,"column":18},"end":{"line":6,"column":null}},"1":{"start":{"line":7,"column":29},"end":{"line":7,"column":74}},"2":{"start":{"line":7,"column":69},"end":{"line":7,"column":74}},"3":{"start":{"line":11,"column":4},"end":{"line":11,"column":null}},"4":{"start":{"line":12,"column":4},"end":{"line":12,"column":null}},"5":{"start":{"line":16,"column":21},"end":{"line":28,"column":6}},"6":{"start":{"line":30,"column":4},"end":{"line":31,"column":null}},"7":{"start":{"line":31,"column":6},"end":{"line":31,"column":null}},"8":{"start":{"line":34,"column":22},"end":{"line":34,"column":43}},"9":{"start":{"line":35,"column":4},"end":{"line":39,"column":null}},"10":{"start":{"line":43,"column":21},"end":{"line":55,"column":6}},"11":{"start":{"line":57,"column":4},"end":{"line":58,"column":null}},"12":{"start":{"line":58,"column":6},"end":{"line":58,"column":null}},"13":{"start":{"line":61,"column":17},"end":{"line":61,"column":null}},"14":{"start":{"line":62,"column":4},"end":{"line":62,"column":null}},"15":{"start":{"line":62,"column":15},"end":{"line":62,"column":null}},"16":{"start":{"line":64,"column":4},"end":{"line":78,"column":null}},"17":{"start":{"line":65,"column":20},"end":{"line":65,"column":48}},"18":{"start":{"line":66,"column":6},"end":{"line":78,"column":null}},"19":{"start":{"line":67,"column":8},"end":{"line":67,"column":null}},"20":{"start":{"line":67,"column":26},"end":{"line":67,"column":null}},"21":{"start":{"line":68,"column":8},"end":{"line":78,"column":null}},"22":{"start":{"line":69,"column":23},"end":{"line":69,"column":39}},"23":{"start":{"line":70,"column":10},"end":{"line":75,"column":null}},"24":{"start":{"line":71,"column":12},"end":{"line":75,"column":null}},"25":{"start":{"line":77,"column":10},"end":{"line":77,"column":null}},"26":{"start":{"line":77,"column":25},"end":{"line":77,"column":null}},"27":{"start":{"line":86,"column":4},"end":{"line":90,"column":null}},"28":{"start":{"line":87,"column":23},"end":{"line":87,"column":63}},"29":{"start":{"line":88,"column":6},"end":{"line":88,"column":null}},"30":{"start":{"line":90,"column":6},"end":{"line":90,"column":null}}},"fnMap":{"0":{"name":"(anonymous_0)","decl":{"start":{"line":7,"column":60},"end":{"line":7,"column":64}},"loc":{"start":{"line":7,"column":69},"end":{"line":7,"column":74}},"line":7},"1":{"name":"(anonymous_1)","decl":{"start":{"line":10,"column":2},"end":{"line":10,"column":14}},"loc":{"start":{"line":10,"column":32},"end":{"line":12,"column":null}},"line":10},"2":{"name":"(anonymous_2)","decl":{"start":{"line":15,"column":8},"end":{"line":15,"column":17}},"loc":{"start":{"line":15,"column":76},"end":{"line":39,"column":null}},"line":15},"3":{"name":"(anonymous_3)","decl":{"start":{"line":42,"column":9},"end":{"line":42,"column":24}},"loc":{"start":{"line":42,"column":98},"end":{"line":78,"column":null}},"line":42},"4":{"name":"(anonymous_4)","decl":{"start":{"line":85,"column":8},"end":{"line":85,"column":43}},"loc":{"start":{"line":85,"column":43},"end":{"line":90,"column":null}},"line":85}},"branchMap":{"0":{"loc":{"start":{"line":30,"column":4},"end":{"line":31,"column":null}},"type":"if","locations":[{"start":{"line":30,"column":4},"end":{"line":31,"column":null}},{"start":{},"end":{}}],"line":30},"1":{"loc":{"start":{"line":57,"column":4},"end":{"line":58,"column":null}},"type":"if","locations":[{"start":{"line":57,"column":4},"end":{"line":58,"column":null}},{"start":{},"end":{}}],"line":57},"2":{"loc":{"start":{"line":62,"column":4},"end":{"line":62,"column":null}},"type":"if","locations":[{"start":{"line":62,"column":4},"end":{"line":62,"column":null}},{"start":{},"end":{}}],"line":62},"3":{"loc":{"start":{"line":67,"column":8},"end":{"line":67,"column":null}},"type":"if","locations":[{"start":{"line":67,"column":8},"end":{"line":67,"column":null}},{"start":{},"end":{}}],"line":67},"4":{"loc":{"start":{"line":70,"column":10},"end":{"line":75,"column":null}},"type":"if","locations":[{"start":{"line":70,"column":10},"end":{"line":75,"column":null}},{"start":{},"end":{}}],"line":70},"5":{"loc":{"start":{"line":77,"column":10},"end":{"line":77,"column":null}},"type":"if","locations":[{"start":{"line":77,"column":10},"end":{"line":77,"column":null}},{"start":{},"end":{}}],"line":77}},"s":{"0":4,"1":4,"2":8,"3":4,"4":4,"5":2,"6":2,"7":1,"8":1,"9":1,"10":1,"11":1,"12":0,"13":1,"14":1,"15":0,"16":1,"17":3,"18":3,"19":5,"20":2,"21":3,"22":3,"23":3,"24":2,"25":3,"26":1,"27":0,"28":0,"29":0,"30":0},"f":{"0":8,"1":4,"2":2,"3":1,"4":0},"b":{"0":[1,1],"1":[0,1],"2":[0,1],"3":[2,3],"4":[2,1],"5":[1,2]},"meta":{"lastBranch":6,"lastFunction":5,"lastStatement":31,"seen":{"s:6:18:6:Infinity":0,"s:7:29:7:74":1,"f:7:60:7:64":0,"s:7:69:7:74":2,"f:10:2:10:14":1,"s:11:4:11:Infinity":3,"s:12:4:12:Infinity":4,"f:15:8:15:17":2,"s:16:21:28:6":5,"b:30:4:31:Infinity:undefined:undefined:undefined:undefined":0,"s:30:4:31:Infinity":6,"s:31:6:31:Infinity":7,"s:34:22:34:43":8,"s:35:4:39:Infinity":9,"f:42:9:42:24":3,"s:43:21:55:6":10,"b:57:4:58:Infinity:undefined:undefined:undefined:undefined":1,"s:57:4:58:Infinity":11,"s:58:6:58:Infinity":12,"s:61:17:61:Infinity":13,"b:62:4:62:Infinity:undefined:undefined:undefined:undefined":2,"s:62:4:62:Infinity":14,"s:62:15:62:Infinity":15,"s:64:4:78:Infinity":16,"s:65:20:65:48":17,"s:66:6:78:Infinity":18,"b:67:8:67:Infinity:undefined:undefined:undefined:undefined":3,"s:67:8:67:Infinity":19,"s:67:26:67:Infinity":20,"s:68:8:78:Infinity":21,"s:69:23:69:39":22,"b:70:10:75:Infinity:undefined:undefined:undefined:undefined":4,"s:70:10:75:Infinity":23,"s:71:12:75:Infinity":24,"b:77:10:77:Infinity:undefined:undefined:undefined:undefined":5,"s:77:10:77:Infinity":25,"s:77:25:77:Infinity":26,"f:85:8:85:43":4,"s:86:4:90:Infinity":27,"s:87:23:87:63":28,"s:88:6:88:Infinity":29,"s:90:6:90:Infinity":30}}}
,"/data/data/com.termux/files/home/scripthing/apps/backend/src/services/ai/openai.provider.ts": {"path":"/data/data/com.termux/files/home/scripthing/apps/backend/src/services/ai/openai.provider.ts","statementMap":{"0":{"start":{"line":6,"column":18},"end":{"line":6,"column":null}},"1":{"start":{"line":7,"column":29},"end":{"line":7,"column":74}},"2":{"start":{"line":7,"column":69},"end":{"line":7,"column":74}},"3":{"start":{"line":11,"column":4},"end":{"line":11,"column":null}},"4":{"start":{"line":12,"column":4},"end":{"line":12,"column":null}},"5":{"start":{"line":16,"column":21},"end":{"line":22,"column":6}},"6":{"start":{"line":24,"column":19},"end":{"line":24,"column":null}},"7":{"start":{"line":25,"column":4},"end":{"line":34,"column":null}},"8":{"start":{"line":38,"column":19},"end":{"line":44,"column":6}},"9":{"start":{"line":46,"column":4},"end":{"line":53,"column":null}},"10":{"start":{"line":47,"column":22},"end":{"line":47,"column":null}},"11":{"start":{"line":48,"column":6},"end":{"line":53,"column":null}},"12":{"start":{"line":49,"column":8},"end":{"line":53,"column":null}},"13":{"start":{"line":59,"column":4},"end":{"line":64,"column":null}},"14":{"start":{"line":61,"column":6},"end":{"line":61,"column":null}},"15":{"start":{"line":62,"column":6},"end":{"line":62,"column":null}},"16":{"start":{"line":64,"column":6},"end":{"line":64,"column":null}}},"fnMap":{"0":{"name":"(anonymous_0)","decl":{"start":{"line":7,"column":60},"end":{"line":7,"column":64}},"loc":{"start":{"line":7,"column":69},"end":{"line":7,"column":74}},"line":7},"1":{"name":"(anonymous_1)","decl":{"start":{"line":10,"column":2},"end":{"line":10,"column":14}},"loc":{"start":{"line":10,"column":30},"end":{"line":12,"column":null}},"line":10},"2":{"name":"(anonymous_2)","decl":{"start":{"line":15,"column":8},"end":{"line":15,"column":17}},"loc":{"start":{"line":15,"column":76},"end":{"line":34,"column":null}},"line":15},"3":{"name":"(anonymous_3)","decl":{"start":{"line":37,"column":9},"end":{"line":37,"column":24}},"loc":{"start":{"line":37,"column":98},"end":{"line":53,"column":null}},"line":37},"4":{"name":"(anonymous_4)","decl":{"start":{"line":58,"column":8},"end":{"line":58,"column":43}},"loc":{"start":{"line":58,"column":43},"end":{"line":64,"column":null}},"line":58}},"branchMap":{"0":{"loc":{"start":{"line":26,"column":15},"end":{"line":26,"column":null}},"type":"binary-expr","locations":[{"start":{"line":26,"column":15},"end":{"line":26,"column":41}},{"start":{"line":26,"column":41},"end":{"line":26,"column":null}}],"line":26},"1":{"loc":{"start":{"line":29,"column":13},"end":{"line":33,"column":null}},"type":"cond-expr","locations":[{"start":{"line":29,"column":30},"end":{"line":33,"column":10}},{"start":{"line":33,"column":10},"end":{"line":33,"column":null}}],"line":29},"2":{"loc":{"start":{"line":47,"column":22},"end":{"line":47,"column":null}},"type":"binary-expr","locations":[{"start":{"line":47,"column":22},"end":{"line":47,"column":58}},{"start":{"line":47,"column":58},"end":{"line":47,"column":null}}],"line":47},"3":{"loc":{"start":{"line":48,"column":6},"end":{"line":53,"column":null}},"type":"if","locations":[{"start":{"line":48,"column":6},"end":{"line":53,"column":null}},{"start":{},"end":{}}],"line":48}},"s":{"0":6,"1":6,"2":12,"3":6,"4":6,"5":2,"6":1,"7":1,"8":1,"9":1,"10":2,"11":2,"12":2,"13":1,"14":1,"15":1,"16":0},"f":{"0":12,"1":6,"2":2,"3":1,"4":1},"b":{"0":[1,0],"1":[1,0],"2":[2,0],"3":[2,0]},"meta":{"lastBranch":4,"lastFunction":5,"lastStatement":17,"seen":{"s:6:18:6:Infinity":0,"s:7:29:7:74":1,"f:7:60:7:64":0,"s:7:69:7:74":2,"f:10:2:10:14":1,"s:11:4:11:Infinity":3,"s:12:4:12:Infinity":4,"f:15:8:15:17":2,"s:16:21:22:6":5,"s:24:19:24:Infinity":6,"s:25:4:34:Infinity":7,"b:26:15:26:41:26:41:26:Infinity":0,"b:29:30:33:10:33:10:33:Infinity":1,"f:37:9:37:24":3,"s:38:19:44:6":8,"s:46:4:53:Infinity":9,"s:47:22:47:Infinity":10,"b:47:22:47:58:47:58:47:Infinity":2,"b:48:6:53:Infinity:undefined:undefined:undefined:undefined":3,"s:48:6:53:Infinity":11,"s:49:8:53:Infinity":12,"f:58:8:58:43":4,"s:59:4:64:Infinity":13,"s:61:6:61:Infinity":14,"s:62:6:62:Infinity":15,"s:64:6:64:Infinity":16}}}
,"/data/data/com.termux/files/home/scripthing/apps/backend/src/services/ai/types.ts": {"path":"/data/data/com.termux/files/home/scripthing/apps/backend/src/services/ai/types.ts","statementMap":{"0":{"start":{"line":40,"column":64},"end":{"line":73,"column":null}}},"fnMap":{},"branchMap":{},"s":{"0":13},"f":{},"b":{},"meta":{"lastBranch":0,"lastFunction":0,"lastStatement":1,"seen":{"s:40:64:73:Infinity":0}}}
}
